<?xml version="1.0" encoding="UTF-8"?>
<testsuite name="com.pamarin.oauth2.service.ScopeVerificationTest" time="0" tests="8" errors="0" skipped="0" failures="0">
  <properties>
[...]
</properties>
  <testcase name="shouldBeThrowInvalidClientIdException_whenEmptyScopes" classname="com.pamarin.oauth2.service.ScopeVerificationTest" time="0"/>
  <testcase name="shouldBeOk_whenValidScope" classname="com.pamarin.oauth2.service.ScopeVerificationTest" time="0"/>
  <testcase name="shouldBeThrowInvalidScopeException_whenScopeNotInList" classname="com.pamarin.oauth2.service.ScopeVerificationTest" time="0"/>
  <testcase name="shouldBeThrowInvalidScopeException_whenInputIsNull" classname="com.pamarin.oauth2.service.ScopeVerificationTest" time="0"/>
  <testcase name="shouldBeOk_whenValidMultipleScope" classname="com.pamarin.oauth2.service.ScopeVerificationTest" time="0"/>
  <testcase name="shouldBeThrowInvalidScopeException_whenInputIsNullOrEmptyString1" classname="com.pamarin.oauth2.service.ScopeVerificationTest" time="0"/>
  <testcase name="shouldBeThrowInvalidScopeException_whenInputIsNullOrEmptyString2" classname="com.pamarin.oauth2.service.ScopeVerificationTest" time="0"/>
  <testcase name="shouldBeThrowInvalidScopeException_whenInputIsEmptyString" classname="com.pamarin.oauth2.service.ScopeVerificationTest" time="0"/>
</testsuite>